Vivado Simulator 2016.4
Copyright 1986-1999, 2001-2016 Xilinx, Inc. All Rights Reserved.
Running: /home/student/Xilinx/Vivado/2016.4/bin/unwrapped/lnx64.o/xelab -wto 8709da08940a43bc95d53171d75d85bd --debug typical --relax --mt 8 -L xil_defaultlib -L secureip --snapshot TB_MIPS_TOP_behav xil_defaultlib.TB_MIPS_TOP -log elaborate.log 
Using 8 slave threads.
Starting static elaboration
Completed static elaboration
Starting simulation data flow analysis
Completed simulation data flow analysis
Time Resolution for simulation is 1ps
Compiling package std.standard
Compiling package std.textio
Compiling package ieee.std_logic_1164
Compiling package ieee.numeric_std
Compiling package ieee.std_logic_arith
Compiling package ieee.std_logic_unsigned
Compiling package xil_defaultlib.utils
Compiling architecture behavioral of entity xil_defaultlib.ProgramCounter [programcounter_default]
Compiling architecture behavioral of entity xil_defaultlib.Adder [adder_default]
Compiling architecture behavioral of entity xil_defaultlib.InstructionMemory [instructionmemory_default]
Compiling architecture behavioral of entity xil_defaultlib.Control [control_default]
Compiling architecture behavioral of entity xil_defaultlib.Mux_2to1 [\Mux_2to1(n=5)\]
Compiling architecture behavioral of entity xil_defaultlib.Registers [registers_default]
Compiling architecture behavioral of entity xil_defaultlib.Sign_extend [\Sign_extend(bitwidth_in=16,bitw...]
Compiling architecture behavioral of entity xil_defaultlib.Shift_left2 [\Shift_left2(bitwidth=32)\]
Compiling architecture behavioral of entity xil_defaultlib.Sign_extend [\Sign_extend(bitwidth_in=26,bitw...]
Compiling architecture behavioral of entity xil_defaultlib.Shift_left2 [\Shift_left2(bitwidth=28)\]
Compiling architecture behavioral of entity xil_defaultlib.ALU_Control [alu_control_default]
Compiling architecture behavioral of entity xil_defaultlib.ALU [alu_default]
Compiling architecture behavioral of entity xil_defaultlib.Mux_2to1 [\Mux_2to1(n=32)\]
Compiling architecture behavioral of entity xil_defaultlib.AND_gate [and_gate_default]
Compiling architecture behavioral of entity xil_defaultlib.dataMemory [datamemory_default]
Compiling architecture behavioral of entity xil_defaultlib.UART [uart_default]
Compiling architecture behavioral of entity xil_defaultlib.Clock_generator [clock_generator_default]
Compiling architecture behavioral of entity xil_defaultlib.Top_MIPS [top_mips_default]
Compiling architecture behavioral of entity xil_defaultlib.tb_mips_top
Built simulation snapshot TB_MIPS_TOP_behav
